<?xml version="1.0" encoding="UTF-8"?>
<!-- Generated by org.testng.reporters.JUnitXMLReporter -->
<testsuite ignored="0" hostname="DESKTOP-971REMV" failures="0" tests="2" name="Default test" time="11.894" errors="0" timestamp="2022-11-02T01:02:53 GMT">
  <testcase classname="com.qa.linkedin.testcases.LinkedInHomePageTest" name="verifyLinkedinHomePageTitleTest" time="0.048"/>
  <testcase classname="com.qa.linkedin.testcases.LinkedInHomePageTest" name="verifyLinkedinLogoTest" time="0.137"/>
</testsuite> <!-- Default test -->
